<?xml version="1.0" encoding="UTF-8"?>
<robot generator="Robot 5.0 (Python 3.7.9 on win32)" generated="20220410 18:20:28.650" rpa="false" schemaversion="3">
<suite id="s1" name="Hospital" source="C:\Users\navak\08\03\today10032022\robot_framework_10042022\Tests\Hospital\FunctionalTestSuite\Hospital.robot">
<test id="s1-t1" name="1:Admin Login Test" line="8">
<kw name="Open Browser" library="SeleniumLibrary">
<arg>${web_url}</arg>
<arg>chrome</arg>
<doc>Opens a new browser instance to the optional ``url``.</doc>
<msg timestamp="20220410 18:20:28.871" level="INFO">Opening browser 'chrome' to base url 'http://127.0.0.1:5000'.</msg>
<status status="PASS" starttime="20220410 18:20:28.871" endtime="20220410 18:20:30.471"/>
</kw>
<kw name="Sleep" library="BuiltIn">
<arg>1s</arg>
<doc>Pauses the test executed for the given time.</doc>
<msg timestamp="20220410 18:20:31.484" level="INFO">Slept 1 second</msg>
<status status="PASS" starttime="20220410 18:20:30.472" endtime="20220410 18:20:31.485"/>
</kw>
<kw name="Test Add admname">
<kw name="Input Text" library="SeleniumLibrary">
<arg>name:username</arg>
<arg>admin</arg>
<doc>Types the given ``text`` into the text field identified by ``locator``.</doc>
<msg timestamp="20220410 18:20:31.488" level="INFO">Typing text 'admin' into text field 'name:username'.</msg>
<status status="PASS" starttime="20220410 18:20:31.487" endtime="20220410 18:20:31.717"/>
</kw>
<status status="PASS" starttime="20220410 18:20:31.486" endtime="20220410 18:20:31.718"/>
</kw>
<kw name="Test Add Admpass">
<kw name="Input Text" library="SeleniumLibrary">
<arg>name:password</arg>
<arg>12345</arg>
<doc>Types the given ``text`` into the text field identified by ``locator``.</doc>
<msg timestamp="20220410 18:20:31.721" level="INFO">Typing text '12345' into text field 'name:password'.</msg>
<status status="PASS" starttime="20220410 18:20:31.721" endtime="20220410 18:20:31.959"/>
</kw>
<status status="PASS" starttime="20220410 18:20:31.719" endtime="20220410 18:20:31.960"/>
</kw>
<kw name="Sleep" library="BuiltIn">
<arg>1s</arg>
<doc>Pauses the test executed for the given time.</doc>
<msg timestamp="20220410 18:20:32.966" level="INFO">Slept 1 second</msg>
<status status="PASS" starttime="20220410 18:20:31.961" endtime="20220410 18:20:32.966"/>
</kw>
<kw name="Click Button" library="SeleniumLibrary">
<arg>xpath=//html/body/div/div/div/form/table/tbody/tr[3]/td[2]/button</arg>
<doc>Clicks the button identified by ``locator``.</doc>
<msg timestamp="20220410 18:20:32.968" level="INFO">Clicking button 'xpath=//html/body/div/div/div/form/table/tbody/tr[3]/td[2]/button'.</msg>
<status status="PASS" starttime="20220410 18:20:32.967" endtime="20220410 18:20:33.231"/>
</kw>
<kw name="Sleep" library="BuiltIn">
<arg>1s</arg>
<doc>Pauses the test executed for the given time.</doc>
<msg timestamp="20220410 18:20:34.241" level="INFO">Slept 1 second</msg>
<status status="PASS" starttime="20220410 18:20:33.232" endtime="20220410 18:20:34.241"/>
</kw>
<kw name="Close Browser" library="SeleniumLibrary">
<doc>Closes the current browser.</doc>
<status status="PASS" starttime="20220410 18:20:34.243" endtime="20220410 18:20:36.518"/>
</kw>
<doc>This test is for admin login</doc>
<tag>admin</tag>
<status status="PASS" starttime="20220410 18:20:28.870" endtime="20220410 18:20:36.519"/>
</test>
<test id="s1-t2" name="2:Add Patient test" line="20">
<kw name="Open Browser" library="SeleniumLibrary">
<arg>${web_url}</arg>
<arg>chrome</arg>
<doc>Opens a new browser instance to the optional ``url``.</doc>
<msg timestamp="20220410 18:20:36.526" level="INFO">Opening browser 'chrome' to base url 'http://127.0.0.1:5000'.</msg>
<status status="PASS" starttime="20220410 18:20:36.525" endtime="20220410 18:20:38.188"/>
</kw>
<kw name="Sleep" library="BuiltIn">
<arg>2s</arg>
<doc>Pauses the test executed for the given time.</doc>
<msg timestamp="20220410 18:20:40.203" level="INFO">Slept 2 seconds</msg>
<status status="PASS" starttime="20220410 18:20:38.189" endtime="20220410 18:20:40.203"/>
</kw>
<kw name="Test Add admname">
<kw name="Input Text" library="SeleniumLibrary">
<arg>name:username</arg>
<arg>admin</arg>
<doc>Types the given ``text`` into the text field identified by ``locator``.</doc>
<msg timestamp="20220410 18:20:40.207" level="INFO">Typing text 'admin' into text field 'name:username'.</msg>
<status status="PASS" starttime="20220410 18:20:40.206" endtime="20220410 18:20:40.450"/>
</kw>
<status status="PASS" starttime="20220410 18:20:40.205" endtime="20220410 18:20:40.450"/>
</kw>
<kw name="Test Add Admpass">
<kw name="Input Text" library="SeleniumLibrary">
<arg>name:password</arg>
<arg>12345</arg>
<doc>Types the given ``text`` into the text field identified by ``locator``.</doc>
<msg timestamp="20220410 18:20:40.452" level="INFO">Typing text '12345' into text field 'name:password'.</msg>
<status status="PASS" starttime="20220410 18:20:40.452" endtime="20220410 18:20:40.533"/>
</kw>
<status status="PASS" starttime="20220410 18:20:40.451" endtime="20220410 18:20:40.534"/>
</kw>
<kw name="Sleep" library="BuiltIn">
<arg>1s</arg>
<doc>Pauses the test executed for the given time.</doc>
<msg timestamp="20220410 18:20:41.545" level="INFO">Slept 1 second</msg>
<status status="PASS" starttime="20220410 18:20:40.534" endtime="20220410 18:20:41.545"/>
</kw>
<kw name="Click Button" library="SeleniumLibrary">
<arg>xpath=//html/body/div/div/div/form/table/tbody/tr[3]/td[2]/button</arg>
<doc>Clicks the button identified by ``locator``.</doc>
<msg timestamp="20220410 18:20:41.546" level="INFO">Clicking button 'xpath=//html/body/div/div/div/form/table/tbody/tr[3]/td[2]/button'.</msg>
<status status="PASS" starttime="20220410 18:20:41.546" endtime="20220410 18:20:41.818"/>
</kw>
<kw name="Sleep" library="BuiltIn">
<arg>1s</arg>
<doc>Pauses the test executed for the given time.</doc>
<msg timestamp="20220410 18:20:42.825" level="INFO">Slept 1 second</msg>
<status status="PASS" starttime="20220410 18:20:41.818" endtime="20220410 18:20:42.825"/>
</kw>
<kw name="Test Pop Name">
<kw name="Input Text" library="SeleniumLibrary">
<arg>name:name</arg>
<arg>navakanth</arg>
<doc>Types the given ``text`` into the text field identified by ``locator``.</doc>
<msg timestamp="20220410 18:20:42.826" level="INFO">Typing text 'navakanth' into text field 'name:name'.</msg>
<status status="PASS" starttime="20220410 18:20:42.826" endtime="20220410 18:20:42.907"/>
</kw>
<status status="PASS" starttime="20220410 18:20:42.826" endtime="20220410 18:20:42.907"/>
</kw>
<kw name="Sleep" library="BuiltIn">
<arg>1s</arg>
<doc>Pauses the test executed for the given time.</doc>
<msg timestamp="20220410 18:20:43.923" level="INFO">Slept 1 second</msg>
<status status="PASS" starttime="20220410 18:20:42.908" endtime="20220410 18:20:43.923"/>
</kw>
<kw name="Test Pop MobileNumber">
<kw name="Input Text" library="SeleniumLibrary">
<arg>name:mobnumber</arg>
<arg>7539996448</arg>
<doc>Types the given ``text`` into the text field identified by ``locator``.</doc>
<msg timestamp="20220410 18:20:43.924" level="INFO">Typing text '7539996448' into text field 'name:mobnumber'.</msg>
<status status="PASS" starttime="20220410 18:20:43.924" endtime="20220410 18:20:44.002"/>
</kw>
<status status="PASS" starttime="20220410 18:20:43.924" endtime="20220410 18:20:44.002"/>
</kw>
<kw name="Sleep" library="BuiltIn">
<arg>1s</arg>
<doc>Pauses the test executed for the given time.</doc>
<msg timestamp="20220410 18:20:45.014" level="INFO">Slept 1 second</msg>
<status status="PASS" starttime="20220410 18:20:44.003" endtime="20220410 18:20:45.014"/>
</kw>
<kw name="Test Pop Age">
<kw name="Input Text" library="SeleniumLibrary">
<arg>name:age</arg>
<arg>21</arg>
<doc>Types the given ``text`` into the text field identified by ``locator``.</doc>
<msg timestamp="20220410 18:20:45.015" level="INFO">Typing text '21' into text field 'name:age'.</msg>
<status status="PASS" starttime="20220410 18:20:45.015" endtime="20220410 18:20:45.082"/>
</kw>
<status status="PASS" starttime="20220410 18:20:45.014" endtime="20220410 18:20:45.082"/>
</kw>
<kw name="Sleep" library="BuiltIn">
<arg>1s</arg>
<doc>Pauses the test executed for the given time.</doc>
<msg timestamp="20220410 18:20:46.087" level="INFO">Slept 1 second</msg>
<status status="PASS" starttime="20220410 18:20:45.082" endtime="20220410 18:20:46.087"/>
</kw>
<kw name="Test Pop Address">
<kw name="Input Text" library="SeleniumLibrary">
<arg>name:address</arg>
<arg>kadapa</arg>
<doc>Types the given ``text`` into the text field identified by ``locator``.</doc>
<msg timestamp="20220410 18:20:46.090" level="INFO">Typing text 'kadapa' into text field 'name:address'.</msg>
<status status="PASS" starttime="20220410 18:20:46.090" endtime="20220410 18:20:46.290"/>
</kw>
<status status="PASS" starttime="20220410 18:20:46.089" endtime="20220410 18:20:46.290"/>
</kw>
<kw name="Sleep" library="BuiltIn">
<arg>1s</arg>
<doc>Pauses the test executed for the given time.</doc>
<msg timestamp="20220410 18:20:47.297" level="INFO">Slept 1 second</msg>
<status status="PASS" starttime="20220410 18:20:46.291" endtime="20220410 18:20:47.298"/>
</kw>
<kw name="Test Pop Dob">
<kw name="Input Text" library="SeleniumLibrary">
<arg>name:dob</arg>
<arg>10/06/2000</arg>
<doc>Types the given ``text`` into the text field identified by ``locator``.</doc>
<msg timestamp="20220410 18:20:47.301" level="INFO">Typing text '10/06/2000' into text field 'name:dob'.</msg>
<status status="PASS" starttime="20220410 18:20:47.300" endtime="20220410 18:20:47.494"/>
</kw>
<status status="PASS" starttime="20220410 18:20:47.299" endtime="20220410 18:20:47.494"/>
</kw>
<kw name="Sleep" library="BuiltIn">
<arg>1s</arg>
<doc>Pauses the test executed for the given time.</doc>
<msg timestamp="20220410 18:20:48.497" level="INFO">Slept 1 second</msg>
<status status="PASS" starttime="20220410 18:20:47.494" endtime="20220410 18:20:48.498"/>
</kw>
<kw name="Test Pop Place">
<kw name="Input Text" library="SeleniumLibrary">
<arg>name:place</arg>
<arg>AndhraPradesh</arg>
<doc>Types the given ``text`` into the text field identified by ``locator``.</doc>
<msg timestamp="20220410 18:20:48.501" level="INFO">Typing text 'AndhraPradesh' into text field 'name:place'.</msg>
<status status="PASS" starttime="20220410 18:20:48.500" endtime="20220410 18:20:48.707"/>
</kw>
<status status="PASS" starttime="20220410 18:20:48.499" endtime="20220410 18:20:48.707"/>
</kw>
<kw name="Sleep" library="BuiltIn">
<arg>1s</arg>
<doc>Pauses the test executed for the given time.</doc>
<msg timestamp="20220410 18:20:49.715" level="INFO">Slept 1 second</msg>
<status status="PASS" starttime="20220410 18:20:48.708" endtime="20220410 18:20:49.715"/>
</kw>
<kw name="Test Pop Pincode">
<kw name="Input Text" library="SeleniumLibrary">
<arg>name:pincode</arg>
<arg>516227</arg>
<doc>Types the given ``text`` into the text field identified by ``locator``.</doc>
<msg timestamp="20220410 18:20:49.718" level="INFO">Typing text '516227' into text field 'name:pincode'.</msg>
<status status="PASS" starttime="20220410 18:20:49.718" endtime="20220410 18:20:49.929"/>
</kw>
<status status="PASS" starttime="20220410 18:20:49.717" endtime="20220410 18:20:49.930"/>
</kw>
<kw name="Sleep" library="BuiltIn">
<arg>1s</arg>
<doc>Pauses the test executed for the given time.</doc>
<msg timestamp="20220410 18:20:50.943" level="INFO">Slept 1 second</msg>
<status status="PASS" starttime="20220410 18:20:49.931" endtime="20220410 18:20:50.943"/>
</kw>
<kw name="Click Button" library="SeleniumLibrary">
<arg>xpath=//html/body/div/div/div/form/table/tbody/tr[8]/td[2]/button</arg>
<doc>Clicks the button identified by ``locator``.</doc>
<msg timestamp="20220410 18:20:50.945" level="INFO">Clicking button 'xpath=//html/body/div/div/div/form/table/tbody/tr[8]/td[2]/button'.</msg>
<status status="PASS" starttime="20220410 18:20:50.944" endtime="20220410 18:20:51.176"/>
</kw>
<kw name="Sleep" library="BuiltIn">
<arg>2s</arg>
<doc>Pauses the test executed for the given time.</doc>
<msg timestamp="20220410 18:20:53.187" level="INFO">Slept 2 seconds</msg>
<status status="PASS" starttime="20220410 18:20:51.177" endtime="20220410 18:20:53.187"/>
</kw>
<kw name="Close Browser" library="SeleniumLibrary">
<doc>Closes the current browser.</doc>
<status status="PASS" starttime="20220410 18:20:53.189" endtime="20220410 18:20:55.458"/>
</kw>
<doc>This test is to add a patient</doc>
<tag>admin</tag>
<status status="PASS" starttime="20220410 18:20:36.523" endtime="20220410 18:20:55.459"/>
</test>
<test id="s1-t3" name="3.View All Patients test" line="49">
<kw name="Open Browser" library="SeleniumLibrary">
<arg>${web_url}</arg>
<arg>chrome</arg>
<doc>Opens a new browser instance to the optional ``url``.</doc>
<msg timestamp="20220410 18:20:55.466" level="INFO">Opening browser 'chrome' to base url 'http://127.0.0.1:5000'.</msg>
<status status="PASS" starttime="20220410 18:20:55.465" endtime="20220410 18:20:57.116"/>
</kw>
<kw name="Sleep" library="BuiltIn">
<arg>2s</arg>
<doc>Pauses the test executed for the given time.</doc>
<msg timestamp="20220410 18:20:59.118" level="INFO">Slept 2 seconds</msg>
<status status="PASS" starttime="20220410 18:20:57.117" endtime="20220410 18:20:59.118"/>
</kw>
<kw name="Test Add admname">
<kw name="Input Text" library="SeleniumLibrary">
<arg>name:username</arg>
<arg>admin</arg>
<doc>Types the given ``text`` into the text field identified by ``locator``.</doc>
<msg timestamp="20220410 18:20:59.123" level="INFO">Typing text 'admin' into text field 'name:username'.</msg>
<status status="PASS" starttime="20220410 18:20:59.121" endtime="20220410 18:20:59.288"/>
</kw>
<status status="PASS" starttime="20220410 18:20:59.120" endtime="20220410 18:20:59.288"/>
</kw>
<kw name="Test Add Admpass">
<kw name="Input Text" library="SeleniumLibrary">
<arg>name:password</arg>
<arg>12345</arg>
<doc>Types the given ``text`` into the text field identified by ``locator``.</doc>
<msg timestamp="20220410 18:20:59.289" level="INFO">Typing text '12345' into text field 'name:password'.</msg>
<status status="PASS" starttime="20220410 18:20:59.289" endtime="20220410 18:20:59.377"/>
</kw>
<status status="PASS" starttime="20220410 18:20:59.289" endtime="20220410 18:20:59.377"/>
</kw>
<kw name="Sleep" library="BuiltIn">
<arg>1s</arg>
<doc>Pauses the test executed for the given time.</doc>
<msg timestamp="20220410 18:21:00.390" level="INFO">Slept 1 second</msg>
<status status="PASS" starttime="20220410 18:20:59.377" endtime="20220410 18:21:00.390"/>
</kw>
<kw name="Click Button" library="SeleniumLibrary">
<arg>xpath=//html/body/div/div/div/form/table/tbody/tr[3]/td[2]/button</arg>
<doc>Clicks the button identified by ``locator``.</doc>
<msg timestamp="20220410 18:21:00.391" level="INFO">Clicking button 'xpath=//html/body/div/div/div/form/table/tbody/tr[3]/td[2]/button'.</msg>
<status status="PASS" starttime="20220410 18:21:00.391" endtime="20220410 18:21:00.577"/>
</kw>
<kw name="Sleep" library="BuiltIn">
<arg>1s</arg>
<doc>Pauses the test executed for the given time.</doc>
<msg timestamp="20220410 18:21:01.589" level="INFO">Slept 1 second</msg>
<status status="PASS" starttime="20220410 18:21:00.578" endtime="20220410 18:21:01.589"/>
</kw>
<kw name="Click Element" library="SeleniumLibrary">
<arg>xpath=//html/body/nav[2]/div/div/ul/li[2]/a</arg>
<doc>Click the element identified by ``locator``.</doc>
<msg timestamp="20220410 18:21:01.590" level="INFO">Clicking element 'xpath=//html/body/nav[2]/div/div/ul/li[2]/a'.</msg>
<status status="PASS" starttime="20220410 18:21:01.589" endtime="20220410 18:21:01.675"/>
</kw>
<kw name="Sleep" library="BuiltIn">
<arg>2s</arg>
<doc>Pauses the test executed for the given time.</doc>
<msg timestamp="20220410 18:21:03.691" level="INFO">Slept 2 seconds</msg>
<status status="PASS" starttime="20220410 18:21:01.676" endtime="20220410 18:21:03.691"/>
</kw>
<kw name="Close Browser" library="SeleniumLibrary">
<doc>Closes the current browser.</doc>
<status status="PASS" starttime="20220410 18:21:03.693" endtime="20220410 18:21:05.840"/>
</kw>
<doc>This test is to add a patient</doc>
<tag>admin</tag>
<status status="PASS" starttime="20220410 18:20:55.463" endtime="20220410 18:21:05.841"/>
</test>
<test id="s1-t4" name="4.Search for Patient test" line="63">
<kw name="Open Browser" library="SeleniumLibrary">
<arg>${web_url}</arg>
<arg>chrome</arg>
<doc>Opens a new browser instance to the optional ``url``.</doc>
<msg timestamp="20220410 18:21:05.848" level="INFO">Opening browser 'chrome' to base url 'http://127.0.0.1:5000'.</msg>
<status status="PASS" starttime="20220410 18:21:05.847" endtime="20220410 18:21:07.557"/>
</kw>
<kw name="Sleep" library="BuiltIn">
<arg>2s</arg>
<doc>Pauses the test executed for the given time.</doc>
<msg timestamp="20220410 18:21:09.570" level="INFO">Slept 2 seconds</msg>
<status status="PASS" starttime="20220410 18:21:07.558" endtime="20220410 18:21:09.570"/>
</kw>
<kw name="Test Add admname">
<kw name="Input Text" library="SeleniumLibrary">
<arg>name:username</arg>
<arg>admin</arg>
<doc>Types the given ``text`` into the text field identified by ``locator``.</doc>
<msg timestamp="20220410 18:21:09.571" level="INFO">Typing text 'admin' into text field 'name:username'.</msg>
<status status="PASS" starttime="20220410 18:21:09.571" endtime="20220410 18:21:09.651"/>
</kw>
<status status="PASS" starttime="20220410 18:21:09.570" endtime="20220410 18:21:09.652"/>
</kw>
<kw name="Test Add Admpass">
<kw name="Input Text" library="SeleniumLibrary">
<arg>name:password</arg>
<arg>12345</arg>
<doc>Types the given ``text`` into the text field identified by ``locator``.</doc>
<msg timestamp="20220410 18:21:09.653" level="INFO">Typing text '12345' into text field 'name:password'.</msg>
<status status="PASS" starttime="20220410 18:21:09.652" endtime="20220410 18:21:09.737"/>
</kw>
<status status="PASS" starttime="20220410 18:21:09.652" endtime="20220410 18:21:09.737"/>
</kw>
<kw name="Sleep" library="BuiltIn">
<arg>1s</arg>
<doc>Pauses the test executed for the given time.</doc>
<msg timestamp="20220410 18:21:10.751" level="INFO">Slept 1 second</msg>
<status status="PASS" starttime="20220410 18:21:09.738" endtime="20220410 18:21:10.751"/>
</kw>
<kw name="Click Button" library="SeleniumLibrary">
<arg>xpath=//html/body/div/div/div/form/table/tbody/tr[3]/td[2]/button</arg>
<doc>Clicks the button identified by ``locator``.</doc>
<msg timestamp="20220410 18:21:10.752" level="INFO">Clicking button 'xpath=//html/body/div/div/div/form/table/tbody/tr[3]/td[2]/button'.</msg>
<status status="PASS" starttime="20220410 18:21:10.751" endtime="20220410 18:21:10.872"/>
</kw>
<kw name="Sleep" library="BuiltIn">
<arg>1s</arg>
<doc>Pauses the test executed for the given time.</doc>
<msg timestamp="20220410 18:21:11.888" level="INFO">Slept 1 second</msg>
<status status="PASS" starttime="20220410 18:21:10.873" endtime="20220410 18:21:11.888"/>
</kw>
<kw name="Click Element" library="SeleniumLibrary">
<arg>xpath=//html/body/nav[2]/div/div/ul/li[3]/a</arg>
<doc>Click the element identified by ``locator``.</doc>
<msg timestamp="20220410 18:21:11.889" level="INFO">Clicking element 'xpath=//html/body/nav[2]/div/div/ul/li[3]/a'.</msg>
<status status="PASS" starttime="20220410 18:21:11.889" endtime="20220410 18:21:11.965"/>
</kw>
<kw name="Sleep" library="BuiltIn">
<arg>2s</arg>
<doc>Pauses the test executed for the given time.</doc>
<msg timestamp="20220410 18:21:13.968" level="INFO">Slept 2 seconds</msg>
<status status="PASS" starttime="20220410 18:21:11.965" endtime="20220410 18:21:13.968"/>
</kw>
<kw name="Test Pop MobileNumber">
<kw name="Input Text" library="SeleniumLibrary">
<arg>name:mobnumber</arg>
<arg>7539996448</arg>
<doc>Types the given ``text`` into the text field identified by ``locator``.</doc>
<msg timestamp="20220410 18:21:13.970" level="INFO">Typing text '7539996448' into text field 'name:mobnumber'.</msg>
<status status="PASS" starttime="20220410 18:21:13.970" endtime="20220410 18:21:14.109"/>
</kw>
<status status="PASS" starttime="20220410 18:21:13.970" endtime="20220410 18:21:14.109"/>
</kw>
<kw name="Sleep" library="BuiltIn">
<arg>1s</arg>
<doc>Pauses the test executed for the given time.</doc>
<msg timestamp="20220410 18:21:15.120" level="INFO">Slept 1 second</msg>
<status status="PASS" starttime="20220410 18:21:14.110" endtime="20220410 18:21:15.120"/>
</kw>
<kw name="Click Button" library="SeleniumLibrary">
<arg>xpath=//html/body/div[2]/div/div/form/table/tbody/tr[2]/td[2]/button</arg>
<doc>Clicks the button identified by ``locator``.</doc>
<msg timestamp="20220410 18:21:15.123" level="INFO">Clicking button 'xpath=//html/body/div[2]/div/div/form/table/tbody/tr[2]/td[2]/button'.</msg>
<status status="PASS" starttime="20220410 18:21:15.122" endtime="20220410 18:21:15.339"/>
</kw>
<kw name="Sleep" library="BuiltIn">
<arg>2s</arg>
<doc>Pauses the test executed for the given time.</doc>
<msg timestamp="20220410 18:21:17.348" level="INFO">Slept 2 seconds</msg>
<status status="PASS" starttime="20220410 18:21:15.340" endtime="20220410 18:21:17.348"/>
</kw>
<kw name="Close Browser" library="SeleniumLibrary">
<doc>Closes the current browser.</doc>
<status status="PASS" starttime="20220410 18:21:17.350" endtime="20220410 18:21:19.620"/>
</kw>
<doc>This test is to search a patient</doc>
<tag>admin</tag>
<status status="PASS" starttime="20220410 18:21:05.845" endtime="20220410 18:21:19.621"/>
</test>
<test id="s1-t5" name="5.Edit Patient Details test" line="81">
<kw name="Open Browser" library="SeleniumLibrary">
<arg>${web_url}</arg>
<arg>chrome</arg>
<doc>Opens a new browser instance to the optional ``url``.</doc>
<msg timestamp="20220410 18:21:19.628" level="INFO">Opening browser 'chrome' to base url 'http://127.0.0.1:5000'.</msg>
<status status="PASS" starttime="20220410 18:21:19.627" endtime="20220410 18:21:21.298"/>
</kw>
<kw name="Sleep" library="BuiltIn">
<arg>2s</arg>
<doc>Pauses the test executed for the given time.</doc>
<msg timestamp="20220410 18:21:23.315" level="INFO">Slept 2 seconds</msg>
<status status="PASS" starttime="20220410 18:21:21.300" endtime="20220410 18:21:23.315"/>
</kw>
<kw name="Test Add admname">
<kw name="Input Text" library="SeleniumLibrary">
<arg>name:username</arg>
<arg>admin</arg>
<doc>Types the given ``text`` into the text field identified by ``locator``.</doc>
<msg timestamp="20220410 18:21:23.319" level="INFO">Typing text 'admin' into text field 'name:username'.</msg>
<status status="PASS" starttime="20220410 18:21:23.318" endtime="20220410 18:21:23.541"/>
</kw>
<status status="PASS" starttime="20220410 18:21:23.317" endtime="20220410 18:21:23.541"/>
</kw>
<kw name="Test Add Admpass">
<kw name="Input Text" library="SeleniumLibrary">
<arg>name:password</arg>
<arg>12345</arg>
<doc>Types the given ``text`` into the text field identified by ``locator``.</doc>
<msg timestamp="20220410 18:21:23.544" level="INFO">Typing text '12345' into text field 'name:password'.</msg>
<status status="PASS" starttime="20220410 18:21:23.544" endtime="20220410 18:21:23.720"/>
</kw>
<status status="PASS" starttime="20220410 18:21:23.542" endtime="20220410 18:21:23.721"/>
</kw>
<kw name="Sleep" library="BuiltIn">
<arg>1s</arg>
<doc>Pauses the test executed for the given time.</doc>
<msg timestamp="20220410 18:21:24.733" level="INFO">Slept 1 second</msg>
<status status="PASS" starttime="20220410 18:21:23.722" endtime="20220410 18:21:24.733"/>
</kw>
<kw name="Click Button" library="SeleniumLibrary">
<arg>xpath=//html/body/div/div/div/form/table/tbody/tr[3]/td[2]/button</arg>
<doc>Clicks the button identified by ``locator``.</doc>
<msg timestamp="20220410 18:21:24.735" level="INFO">Clicking button 'xpath=//html/body/div/div/div/form/table/tbody/tr[3]/td[2]/button'.</msg>
<status status="PASS" starttime="20220410 18:21:24.734" endtime="20220410 18:21:24.963"/>
</kw>
<kw name="Sleep" library="BuiltIn">
<arg>1s</arg>
<doc>Pauses the test executed for the given time.</doc>
<msg timestamp="20220410 18:21:25.965" level="INFO">Slept 1 second</msg>
<status status="PASS" starttime="20220410 18:21:24.964" endtime="20220410 18:21:25.965"/>
</kw>
<kw name="Click Element" library="SeleniumLibrary">
<arg>xpath=//html/body/nav[2]/div/div/ul/li[4]/a</arg>
<doc>Click the element identified by ``locator``.</doc>
<msg timestamp="20220410 18:21:25.966" level="INFO">Clicking element 'xpath=//html/body/nav[2]/div/div/ul/li[4]/a'.</msg>
<status status="PASS" starttime="20220410 18:21:25.965" endtime="20220410 18:21:26.039"/>
</kw>
<kw name="Sleep" library="BuiltIn">
<arg>2s</arg>
<doc>Pauses the test executed for the given time.</doc>
<msg timestamp="20220410 18:21:28.051" level="INFO">Slept 2 seconds</msg>
<status status="PASS" starttime="20220410 18:21:26.039" endtime="20220410 18:21:28.051"/>
</kw>
<kw name="Test Pop MobileNumber">
<kw name="Input Text" library="SeleniumLibrary">
<arg>name:mobnumber</arg>
<arg>7539996448</arg>
<doc>Types the given ``text`` into the text field identified by ``locator``.</doc>
<msg timestamp="20220410 18:21:28.052" level="INFO">Typing text '7539996448' into text field 'name:mobnumber'.</msg>
<status status="PASS" starttime="20220410 18:21:28.052" endtime="20220410 18:21:28.131"/>
</kw>
<status status="PASS" starttime="20220410 18:21:28.051" endtime="20220410 18:21:28.131"/>
</kw>
<kw name="Sleep" library="BuiltIn">
<arg>1s</arg>
<doc>Pauses the test executed for the given time.</doc>
<msg timestamp="20220410 18:21:29.146" level="INFO">Slept 1 second</msg>
<status status="PASS" starttime="20220410 18:21:28.132" endtime="20220410 18:21:29.146"/>
</kw>
<kw name="Click Button" library="SeleniumLibrary">
<arg>xpath=//html/body/div/div/div/form/table/tbody/tr[2]/td[2]/button</arg>
<doc>Clicks the button identified by ``locator``.</doc>
<msg timestamp="20220410 18:21:29.148" level="INFO">Clicking button 'xpath=//html/body/div/div/div/form/table/tbody/tr[2]/td[2]/button'.</msg>
<status status="PASS" starttime="20220410 18:21:29.147" endtime="20220410 18:21:29.364"/>
</kw>
<kw name="Sleep" library="BuiltIn">
<arg>2s</arg>
<doc>Pauses the test executed for the given time.</doc>
<msg timestamp="20220410 18:21:31.380" level="INFO">Slept 2 seconds</msg>
<status status="PASS" starttime="20220410 18:21:29.365" endtime="20220410 18:21:31.380"/>
</kw>
<kw name="Test Scout Name">
<kw name="Input Text" library="SeleniumLibrary">
<arg>name:name</arg>
<arg>harsha</arg>
<doc>Types the given ``text`` into the text field identified by ``locator``.</doc>
<msg timestamp="20220410 18:21:31.383" level="INFO">Typing text 'harsha' into text field 'name:name'.</msg>
<status status="PASS" starttime="20220410 18:21:31.383" endtime="20220410 18:21:31.598"/>
</kw>
<status status="PASS" starttime="20220410 18:21:31.382" endtime="20220410 18:21:31.598"/>
</kw>
<kw name="Sleep" library="BuiltIn">
<arg>1s</arg>
<doc>Pauses the test executed for the given time.</doc>
<msg timestamp="20220410 18:21:32.612" level="INFO">Slept 1 second</msg>
<status status="PASS" starttime="20220410 18:21:31.599" endtime="20220410 18:21:32.612"/>
</kw>
<kw name="Test Scout MobileNumber">
<kw name="Input Text" library="SeleniumLibrary">
<arg>name:mobnumber</arg>
<arg>9381294949</arg>
<doc>Types the given ``text`` into the text field identified by ``locator``.</doc>
<msg timestamp="20220410 18:21:32.615" level="INFO">Typing text '9381294949' into text field 'name:mobnumber'.</msg>
<status status="PASS" starttime="20220410 18:21:32.614" endtime="20220410 18:21:32.795"/>
</kw>
<status status="PASS" starttime="20220410 18:21:32.613" endtime="20220410 18:21:32.795"/>
</kw>
<kw name="Sleep" library="BuiltIn">
<arg>1s</arg>
<doc>Pauses the test executed for the given time.</doc>
<msg timestamp="20220410 18:21:33.800" level="INFO">Slept 1 second</msg>
<status status="PASS" starttime="20220410 18:21:32.795" endtime="20220410 18:21:33.800"/>
</kw>
<kw name="Test Scout Age">
<kw name="Input Text" library="SeleniumLibrary">
<arg>name:age</arg>
<arg>21</arg>
<doc>Types the given ``text`` into the text field identified by ``locator``.</doc>
<msg timestamp="20220410 18:21:33.804" level="INFO">Typing text '21' into text field 'name:age'.</msg>
<status status="PASS" starttime="20220410 18:21:33.803" endtime="20220410 18:21:33.999"/>
</kw>
<status status="PASS" starttime="20220410 18:21:33.802" endtime="20220410 18:21:34.000"/>
</kw>
<kw name="Sleep" library="BuiltIn">
<arg>1s</arg>
<doc>Pauses the test executed for the given time.</doc>
<msg timestamp="20220410 18:21:35.011" level="INFO">Slept 1 second</msg>
<status status="PASS" starttime="20220410 18:21:34.001" endtime="20220410 18:21:35.011"/>
</kw>
<kw name="Test Scout Address">
<kw name="Input Text" library="SeleniumLibrary">
<arg>name:address</arg>
<arg>nellore</arg>
<doc>Types the given ``text`` into the text field identified by ``locator``.</doc>
<msg timestamp="20220410 18:21:35.014" level="INFO">Typing text 'nellore' into text field 'name:address'.</msg>
<status status="PASS" starttime="20220410 18:21:35.014" endtime="20220410 18:21:35.213"/>
</kw>
<status status="PASS" starttime="20220410 18:21:35.012" endtime="20220410 18:21:35.213"/>
</kw>
<kw name="Sleep" library="BuiltIn">
<arg>1s</arg>
<doc>Pauses the test executed for the given time.</doc>
<msg timestamp="20220410 18:21:36.224" level="INFO">Slept 1 second</msg>
<status status="PASS" starttime="20220410 18:21:35.214" endtime="20220410 18:21:36.224"/>
</kw>
<kw name="Test Scout Dob">
<kw name="Input Text" library="SeleniumLibrary">
<arg>name:dob</arg>
<arg>21/03/2000</arg>
<doc>Types the given ``text`` into the text field identified by ``locator``.</doc>
<msg timestamp="20220410 18:21:36.228" level="INFO">Typing text '21/03/2000' into text field 'name:dob'.</msg>
<status status="PASS" starttime="20220410 18:21:36.227" endtime="20220410 18:21:36.417"/>
</kw>
<status status="PASS" starttime="20220410 18:21:36.226" endtime="20220410 18:21:36.417"/>
</kw>
<kw name="Sleep" library="BuiltIn">
<arg>1s</arg>
<doc>Pauses the test executed for the given time.</doc>
<msg timestamp="20220410 18:21:37.425" level="INFO">Slept 1 second</msg>
<status status="PASS" starttime="20220410 18:21:36.418" endtime="20220410 18:21:37.425"/>
</kw>
<kw name="Test Scout Place">
<kw name="Input Text" library="SeleniumLibrary">
<arg>name:place</arg>
<arg>AndhraPradesh</arg>
<doc>Types the given ``text`` into the text field identified by ``locator``.</doc>
<msg timestamp="20220410 18:21:37.429" level="INFO">Typing text 'AndhraPradesh' into text field 'name:place'.</msg>
<status status="PASS" starttime="20220410 18:21:37.428" endtime="20220410 18:21:37.628"/>
</kw>
<status status="PASS" starttime="20220410 18:21:37.427" endtime="20220410 18:21:37.628"/>
</kw>
<kw name="Sleep" library="BuiltIn">
<arg>1s</arg>
<doc>Pauses the test executed for the given time.</doc>
<msg timestamp="20220410 18:21:38.640" level="INFO">Slept 1 second</msg>
<status status="PASS" starttime="20220410 18:21:37.628" endtime="20220410 18:21:38.640"/>
</kw>
<kw name="Test Scout Pincode">
<kw name="Input Text" library="SeleniumLibrary">
<arg>name:pincode</arg>
<arg>516501</arg>
<doc>Types the given ``text`` into the text field identified by ``locator``.</doc>
<msg timestamp="20220410 18:21:38.644" level="INFO">Typing text '516501' into text field 'name:pincode'.</msg>
<status status="PASS" starttime="20220410 18:21:38.643" endtime="20220410 18:21:38.846"/>
</kw>
<status status="PASS" starttime="20220410 18:21:38.642" endtime="20220410 18:21:38.846"/>
</kw>
<kw name="Sleep" library="BuiltIn">
<arg>1s</arg>
<doc>Pauses the test executed for the given time.</doc>
<msg timestamp="20220410 18:21:39.858" level="INFO">Slept 1 second</msg>
<status status="PASS" starttime="20220410 18:21:38.847" endtime="20220410 18:21:39.858"/>
</kw>
<kw name="Click Button" library="SeleniumLibrary">
<arg>xpath=//html/body/div/div/div/form/table/tbody/tr[8]/td[2]/button</arg>
<doc>Clicks the button identified by ``locator``.</doc>
<msg timestamp="20220410 18:21:39.860" level="INFO">Clicking button 'xpath=//html/body/div/div/div/form/table/tbody/tr[8]/td[2]/button'.</msg>
<status status="PASS" starttime="20220410 18:21:39.859" endtime="20220410 18:21:40.073"/>
</kw>
<kw name="Sleep" library="BuiltIn">
<arg>2s</arg>
<doc>Pauses the test executed for the given time.</doc>
<msg timestamp="20220410 18:21:42.083" level="INFO">Slept 2 seconds</msg>
<status status="PASS" starttime="20220410 18:21:40.073" endtime="20220410 18:21:42.083"/>
</kw>
<kw name="Close Browser" library="SeleniumLibrary">
<doc>Closes the current browser.</doc>
<status status="PASS" starttime="20220410 18:21:42.085" endtime="20220410 18:21:44.367"/>
</kw>
<doc>This test is to edit patient details</doc>
<tag>admin</tag>
<status status="PASS" starttime="20220410 18:21:19.625" endtime="20220410 18:21:44.368"/>
</test>
<test id="s1-t6" name="6. Delete Patient Test" line="115">
<kw name="Open Browser" library="SeleniumLibrary">
<arg>${web_url}</arg>
<arg>chrome</arg>
<doc>Opens a new browser instance to the optional ``url``.</doc>
<msg timestamp="20220410 18:21:44.374" level="INFO">Opening browser 'chrome' to base url 'http://127.0.0.1:5000'.</msg>
<status status="PASS" starttime="20220410 18:21:44.373" endtime="20220410 18:21:46.004"/>
</kw>
<kw name="Sleep" library="BuiltIn">
<arg>2s</arg>
<doc>Pauses the test executed for the given time.</doc>
<msg timestamp="20220410 18:21:48.011" level="INFO">Slept 2 seconds</msg>
<status status="PASS" starttime="20220410 18:21:46.005" endtime="20220410 18:21:48.011"/>
</kw>
<kw name="Test Add admname">
<kw name="Input Text" library="SeleniumLibrary">
<arg>name:username</arg>
<arg>admin</arg>
<doc>Types the given ``text`` into the text field identified by ``locator``.</doc>
<msg timestamp="20220410 18:21:48.015" level="INFO">Typing text 'admin' into text field 'name:username'.</msg>
<status status="PASS" starttime="20220410 18:21:48.014" endtime="20220410 18:21:48.255"/>
</kw>
<status status="PASS" starttime="20220410 18:21:48.012" endtime="20220410 18:21:48.255"/>
</kw>
<kw name="Test Add Admpass">
<kw name="Input Text" library="SeleniumLibrary">
<arg>name:password</arg>
<arg>12345</arg>
<doc>Types the given ``text`` into the text field identified by ``locator``.</doc>
<msg timestamp="20220410 18:21:48.257" level="INFO">Typing text '12345' into text field 'name:password'.</msg>
<status status="PASS" starttime="20220410 18:21:48.257" endtime="20220410 18:21:48.342"/>
</kw>
<status status="PASS" starttime="20220410 18:21:48.256" endtime="20220410 18:21:48.342"/>
</kw>
<kw name="Sleep" library="BuiltIn">
<arg>1s</arg>
<doc>Pauses the test executed for the given time.</doc>
<msg timestamp="20220410 18:21:49.353" level="INFO">Slept 1 second</msg>
<status status="PASS" starttime="20220410 18:21:48.343" endtime="20220410 18:21:49.353"/>
</kw>
<kw name="Click Button" library="SeleniumLibrary">
<arg>xpath=//html/body/div/div/div/form/table/tbody/tr[3]/td[2]/button</arg>
<doc>Clicks the button identified by ``locator``.</doc>
<msg timestamp="20220410 18:21:49.354" level="INFO">Clicking button 'xpath=//html/body/div/div/div/form/table/tbody/tr[3]/td[2]/button'.</msg>
<status status="PASS" starttime="20220410 18:21:49.353" endtime="20220410 18:21:49.471"/>
</kw>
<kw name="Sleep" library="BuiltIn">
<arg>1s</arg>
<doc>Pauses the test executed for the given time.</doc>
<msg timestamp="20220410 18:21:50.473" level="INFO">Slept 1 second</msg>
<status status="PASS" starttime="20220410 18:21:49.472" endtime="20220410 18:21:50.474"/>
</kw>
<kw name="Click Element" library="SeleniumLibrary">
<arg>xpath=//html/body/nav[2]/div/div/ul/li[5]/a</arg>
<doc>Click the element identified by ``locator``.</doc>
<msg timestamp="20220410 18:21:50.475" level="INFO">Clicking element 'xpath=//html/body/nav[2]/div/div/ul/li[5]/a'.</msg>
<status status="PASS" starttime="20220410 18:21:50.474" endtime="20220410 18:21:50.552"/>
</kw>
<kw name="Sleep" library="BuiltIn">
<arg>2s</arg>
<doc>Pauses the test executed for the given time.</doc>
<msg timestamp="20220410 18:21:52.567" level="INFO">Slept 2 seconds</msg>
<status status="PASS" starttime="20220410 18:21:50.552" endtime="20220410 18:21:52.567"/>
</kw>
<kw name="Test Pop MobileNumber">
<kw name="Input Text" library="SeleniumLibrary">
<arg>name:mobnumber</arg>
<arg>7539996448</arg>
<doc>Types the given ``text`` into the text field identified by ``locator``.</doc>
<msg timestamp="20220410 18:21:52.570" level="INFO">Typing text '7539996448' into text field 'name:mobnumber'.</msg>
<status status="PASS" starttime="20220410 18:21:52.570" endtime="20220410 18:21:52.784"/>
</kw>
<status status="PASS" starttime="20220410 18:21:52.569" endtime="20220410 18:21:52.784"/>
</kw>
<kw name="Sleep" library="BuiltIn">
<arg>1s</arg>
<doc>Pauses the test executed for the given time.</doc>
<msg timestamp="20220410 18:21:53.786" level="INFO">Slept 1 second</msg>
<status status="PASS" starttime="20220410 18:21:52.785" endtime="20220410 18:21:53.786"/>
</kw>
<kw name="Click Button" library="SeleniumLibrary">
<arg>xpath=//html/body/div/div/div/form/table/tbody/tr[2]/td[2]/button</arg>
<doc>Clicks the button identified by ``locator``.</doc>
<msg timestamp="20220410 18:21:53.789" level="INFO">Clicking button 'xpath=//html/body/div/div/div/form/table/tbody/tr[2]/td[2]/button'.</msg>
<status status="PASS" starttime="20220410 18:21:53.788" endtime="20220410 18:21:54.037"/>
</kw>
<kw name="Sleep" library="BuiltIn">
<arg>2s</arg>
<doc>Pauses the test executed for the given time.</doc>
<msg timestamp="20220410 18:21:56.049" level="INFO">Slept 2 seconds</msg>
<status status="PASS" starttime="20220410 18:21:54.038" endtime="20220410 18:21:56.049"/>
</kw>
<kw name="Close Browser" library="SeleniumLibrary">
<doc>Closes the current browser.</doc>
<status status="PASS" starttime="20220410 18:21:56.051" endtime="20220410 18:21:58.330"/>
</kw>
<doc>This test is to delete a patient</doc>
<tag>admin</tag>
<status status="PASS" starttime="20220410 18:21:44.371" endtime="20220410 18:21:58.331"/>
</test>
<status status="PASS" starttime="20220410 18:20:28.652" endtime="20220410 18:21:58.336"/>
</suite>
<statistics>
<total>
<stat pass="6" fail="0" skip="0">All Tests</stat>
</total>
<tag>
<stat pass="6" fail="0" skip="0">admin</stat>
</tag>
<suite>
<stat pass="6" fail="0" skip="0" id="s1" name="Hospital">Hospital</stat>
</suite>
</statistics>
<errors>
</errors>
</robot>
